<?xml version="1.0" encoding="UTF-8"?>
<!-- Generated by org.testng.reporters.JUnitReportReporter -->
<testsuite hostname="DESKTOP-15REK30" failures="0" tests="1" name="aAssert.soft.hard.CreateProtest" time="0.019" errors="0" timestamp="2025-09-25T12:20:23 IST" skipped="0">
  <testcase classname="aAssert.soft.hard.CreateProtest" name="producttest" time="0.019"/>
  <system-out/>
</testsuite> <!-- aAssert.soft.hard.CreateProtest -->
