<?xml version="1.0" encoding="UTF-8"?>
<!-- Generated by org.testng.reporters.JUnitReportReporter -->
<testsuite hostname="DESKTOP-15REK30" failures="0" tests="1" name="CreatedocTest.CreateDoctest" time="0.017" errors="0" timestamp="2025-09-25T12:20:10 IST" skipped="0">
  <testcase classname="CreatedocTest.CreateDoctest" name="vmaintest" time="0.017"/>
  <system-out/>
</testsuite> <!-- CreatedocTest.CreateDoctest -->
